[debug] [2020-04-12T15:28:10.219Z] ----------------------------------------------------------------------
[debug] [2020-04-12T15:28:10.230Z] Command:       C:\Program Files\nodejs\node.exe C:\Users\jesh\AppData\Roaming\npm\node_modules\firebase-tools\lib\bin\firebase.js deploy
[debug] [2020-04-12T15:28:10.231Z] CLI Version:   8.0.2
[debug] [2020-04-12T15:28:10.232Z] Platform:      win32
[debug] [2020-04-12T15:28:10.232Z] Node Version:  v12.16.1
[debug] [2020-04-12T15:28:10.235Z] Time:          Sun Apr 12 2020 16:28:10 GMT+0100 (West Africa Standard Time)
[debug] [2020-04-12T15:28:10.236Z] ----------------------------------------------------------------------
[debug] [2020-04-12T15:28:10.236Z] 
[debug] [2020-04-12T15:28:10.273Z] > command requires scopes: ["email","openid","https://www.googleapis.com/auth/cloudplatformprojects.readonly","https://www.googleapis.com/auth/firebase","https://www.googleapis.com/auth/cloud-platform"]
[debug] [2020-04-12T15:28:10.275Z] > authorizing via signed-in user
[debug] [2020-04-12T15:28:10.277Z] [iam] checking project wecommune-f1e592 for permissions ["firebase.projects.get","firebasehosting.sites.update"]
[debug] [2020-04-12T15:28:10.291Z] > refreshing access token with scopes: ["email","https://www.googleapis.com/auth/cloud-platform","https://www.googleapis.com/auth/cloudplatformprojects.readonly","https://www.googleapis.com/auth/firebase","openid"]
[debug] [2020-04-12T15:28:10.292Z] >>> HTTP REQUEST POST https://www.googleapis.com/oauth2/v3/token  
 <request body omitted>
[debug] [2020-04-12T15:28:11.423Z] <<< HTTP RESPONSE 200 {"content-type":"application/json; charset=utf-8","vary":"X-Origin, Referer, Origin,Accept-Encoding","date":"Sun, 12 Apr 2020 15:28:13 GMT","server":"scaffolding on HTTPServer2","cache-control":"private","x-xss-protection":"0","x-frame-options":"SAMEORIGIN","x-content-type-options":"nosniff","alt-svc":"quic=\":443\"; ma=2592000; v=\"46,43\",h3-Q050=\":443\"; ma=2592000,h3-Q049=\":443\"; ma=2592000,h3-Q048=\":443\"; ma=2592000,h3-Q046=\":443\"; ma=2592000,h3-Q043=\":443\"; ma=2592000,h3-T050=\":443\"; ma=2592000","accept-ranges":"none","transfer-encoding":"chunked"}
[debug] [2020-04-12T15:28:11.507Z] >>> HTTP REQUEST POST https://cloudresourcemanager.googleapis.com/v1/projects/wecommune-f1e592:testIamPermissions  
 {"permissions":["firebase.projects.get","firebasehosting.sites.update"]}
[debug] [2020-04-12T15:28:13.263Z] <<< HTTP RESPONSE 200 {"content-type":"application/json; charset=UTF-8","vary":"X-Origin, Referer, Origin,Accept-Encoding","date":"Sun, 12 Apr 2020 15:28:15 GMT","server":"ESF","cache-control":"private","x-xss-protection":"0","x-frame-options":"SAMEORIGIN","x-content-type-options":"nosniff","server-timing":"gfet4t7; dur=1297","alt-svc":"quic=\":443\"; ma=2592000; v=\"46,43\",h3-Q050=\":443\"; ma=2592000,h3-Q049=\":443\"; ma=2592000,h3-Q048=\":443\"; ma=2592000,h3-Q046=\":443\"; ma=2592000,h3-Q043=\":443\"; ma=2592000,h3-T050=\":443\"; ma=2592000","accept-ranges":"none","transfer-encoding":"chunked"}
[debug] [2020-04-12T15:28:13.268Z] >>> HTTP REQUEST GET https://firebase.googleapis.com/v1beta1/projects/wecommune-f1e592  
 
[debug] [2020-04-12T15:28:13.964Z] <<< HTTP RESPONSE 200 {"content-type":"application/json; charset=UTF-8","vary":"X-Origin, Referer, Origin,Accept-Encoding","date":"Sun, 12 Apr 2020 15:28:16 GMT","server":"ESF","cache-control":"private","x-xss-protection":"0","x-frame-options":"SAMEORIGIN","x-content-type-options":"nosniff","alt-svc":"quic=\":443\"; ma=2592000; v=\"46,43\",h3-Q050=\":443\"; ma=2592000,h3-Q049=\":443\"; ma=2592000,h3-Q048=\":443\"; ma=2592000,h3-Q046=\":443\"; ma=2592000,h3-Q043=\":443\"; ma=2592000,h3-T050=\":443\"; ma=2592000","accept-ranges":"none","transfer-encoding":"chunked"}
[info] 
[info] === Deploying to 'wecommune-f1e592'...
[info] 
[info] i  deploying hosting
[debug] [2020-04-12T15:28:13.987Z] >>> HTTP REQUEST POST https://firebasehosting.googleapis.com/v1beta1/sites/wecommune-f1e592/versions  
 {"config":{"rewrites":[{"glob":"**","path":"/index.html"}]},"labels":{"deployment-tool":"cli-firebase"}}
